#
# A fatal error has been detected by the Java Runtime Environment:
#
#  SIGSEGV (0xb) at pc=0x00000001309b4a9c, pid=10449, tid=0x000000000000f223
#
# JRE version: Java(TM) SE Runtime Environment (8.0_131-b11) (build 1.8.0_131-b11)
# Java VM: Java HotSpot(TM) 64-Bit Server VM (25.131-b11 mixed mode bsd-amd64 compressed oops)
# Problematic frame:
# C  0x00000001309b4a9c
#
# Failed to write core dump. Core dumps have been disabled. To enable core dumping, try "ulimit -c unlimited" before starting Java again
#
# If you would like to submit a bug report, please visit:
#   http://bugreport.java.com/bugreport/crash.jsp
#

---------------  T H R E A D  ---------------

Current thread is native thread

siginfo: si_signo: 11 (SIGSEGV), si_code: 1 (SEGV_MAPERR), si_addr: 0x00000001309b4a9c

Registers:
RAX=0x00000001309b4a9c, RBX=0x00007fc611a0d200, RCX=0x0000000000000000, RDX=0x0000000000007fe0
RSP=0x000000030fa05118, RBP=0x000000030fa07c50, RSI=0x00007fc5e8020020, RDI=0x0000000000000001
R8 =0x00000000006b3104, R9 =0x00000000000020a8, R10=0x00007fc61174cc00, R11=0x0000000000000000
R12=0x00007fc5e8020020, R13=0x0000000000007fe0, R14=0x00007fc61174cb30, R15=0x0000000000007fe0
RIP=0x00000001309b4a9c, EFLAGS=0x0000000000000206, ERR=0x0000000000000014
  TRAPNO=0x000000000000000e

Top of Stack: (sp=0x000000030fa05118)
